Commit 1 at Fri Jun 19 07:50:45 UTC 2026
Commit 2 at Fri Jun 19 07:50:52 UTC 2026
Commit 3 at Fri Jun 19 07:50:57 UTC 2026
Commit 4 at Fri Jun 19 07:51:02 UTC 2026
Commit 5 at Fri Jun 19 07:51:06 UTC 2026
Commit 6 at Fri Jun 19 07:51:15 UTC 2026
Commit 7 at Fri Jun 19 07:51:18 UTC 2026
Commit 8 at Fri Jun 19 07:51:20 UTC 2026
Commit 9 at Fri Jun 19 07:51:28 UTC 2026
Commit 10 at Fri Jun 19 07:51:33 UTC 2026
Commit 11 at Fri Jun 19 07:51:37 UTC 2026
Commit 12 at Fri Jun 19 07:51:40 UTC 2026
Commit 13 at Fri Jun 19 07:51:41 UTC 2026
Commit 14 at Fri Jun 19 07:51:47 UTC 2026
Commit 1 at Fri Jun 19 12:17:51 UTC 2026
Commit 2 at Fri Jun 19 12:17:57 UTC 2026
Commit 3 at Fri Jun 19 12:18:01 UTC 2026
Commit 4 at Fri Jun 19 12:18:05 UTC 2026
Commit 5 at Fri Jun 19 12:18:05 UTC 2026
Commit 6 at Fri Jun 19 12:18:13 UTC 2026
Commit 1 at Fri Jun 19 18:06:17 UTC 2026
Commit 2 at Fri Jun 19 18:06:20 UTC 2026
Commit 3 at Fri Jun 19 18:06:25 UTC 2026
Commit 1 at Fri Jun 19 21:34:15 UTC 2026
Commit 2 at Fri Jun 19 21:34:15 UTC 2026
Commit 3 at Fri Jun 19 21:34:20 UTC 2026
Commit 4 at Fri Jun 19 21:34:27 UTC 2026
Commit 5 at Fri Jun 19 21:34:36 UTC 2026
Commit 6 at Fri Jun 19 21:34:37 UTC 2026
Commit 7 at Fri Jun 19 21:34:38 UTC 2026
Commit 8 at Fri Jun 19 21:34:45 UTC 2026
Commit 9 at Fri Jun 19 21:34:45 UTC 2026
Commit 10 at Fri Jun 19 21:34:52 UTC 2026
Commit 11 at Fri Jun 19 21:34:56 UTC 2026
Commit 12 at Fri Jun 19 21:34:58 UTC 2026
Commit 13 at Fri Jun 19 21:35:05 UTC 2026
Commit 14 at Fri Jun 19 21:35:10 UTC 2026
Commit 1 at Sat Jun 20 04:40:48 UTC 2026
Commit 2 at Sat Jun 20 04:40:55 UTC 2026
Commit 3 at Sat Jun 20 04:41:00 UTC 2026
Commit 4 at Sat Jun 20 04:41:09 UTC 2026
Commit 5 at Sat Jun 20 04:41:14 UTC 2026
Commit 6 at Sat Jun 20 04:41:20 UTC 2026
Commit 7 at Sat Jun 20 04:41:22 UTC 2026
Commit 8 at Sat Jun 20 04:41:29 UTC 2026
Commit 9 at Sat Jun 20 04:41:33 UTC 2026
Commit 10 at Sat Jun 20 04:41:35 UTC 2026
Commit 11 at Sat Jun 20 04:41:42 UTC 2026
Commit 12 at Sat Jun 20 04:41:42 UTC 2026
Commit 13 at Sat Jun 20 04:41:51 UTC 2026
Commit 1 at Sat Jun 20 10:41:07 UTC 2026
Commit 2 at Sat Jun 20 10:41:08 UTC 2026
Commit 3 at Sat Jun 20 10:41:11 UTC 2026
Commit 4 at Sat Jun 20 10:41:15 UTC 2026
Commit 1 at Sat Jun 20 14:29:28 UTC 2026
Commit 2 at Sat Jun 20 14:29:33 UTC 2026
Commit 3 at Sat Jun 20 14:29:33 UTC 2026
Commit 4 at Sat Jun 20 14:29:35 UTC 2026
Commit 5 at Sat Jun 20 14:29:35 UTC 2026
Commit 1 at Sat Jun 20 17:47:17 UTC 2026
Commit 2 at Sat Jun 20 17:47:25 UTC 2026
Commit 3 at Sat Jun 20 17:47:25 UTC 2026
Commit 4 at Sat Jun 20 17:47:29 UTC 2026
Commit 5 at Sat Jun 20 17:47:34 UTC 2026
Commit 6 at Sat Jun 20 17:47:42 UTC 2026
Commit 7 at Sat Jun 20 17:47:46 UTC 2026
Commit 8 at Sat Jun 20 17:47:53 UTC 2026
Commit 1 at Sat Jun 20 21:39:40 UTC 2026
Commit 2 at Sat Jun 20 21:39:42 UTC 2026
Commit 3 at Sat Jun 20 21:39:51 UTC 2026
Commit 4 at Sat Jun 20 21:39:53 UTC 2026
Commit 5 at Sat Jun 20 21:40:01 UTC 2026
Commit 6 at Sat Jun 20 21:40:05 UTC 2026
Commit 7 at Sat Jun 20 21:40:08 UTC 2026
Commit 8 at Sat Jun 20 21:40:08 UTC 2026
Commit 1 at Sun Jun 21 05:18:17 UTC 2026
Commit 2 at Sun Jun 21 05:18:18 UTC 2026
Commit 1 at Sun Jun 21 11:24:45 UTC 2026
Commit 2 at Sun Jun 21 11:24:53 UTC 2026
Commit 3 at Sun Jun 21 11:24:53 UTC 2026
Commit 4 at Sun Jun 21 11:25:00 UTC 2026
Commit 5 at Sun Jun 21 11:25:08 UTC 2026
Commit 6 at Sun Jun 21 11:25:10 UTC 2026
Commit 7 at Sun Jun 21 11:25:18 UTC 2026
Commit 8 at Sun Jun 21 11:25:23 UTC 2026
Commit 9 at Sun Jun 21 11:25:25 UTC 2026
Commit 10 at Sun Jun 21 11:25:27 UTC 2026
Commit 11 at Sun Jun 21 11:25:32 UTC 2026
Commit 12 at Sun Jun 21 11:25:38 UTC 2026
Commit 13 at Sun Jun 21 11:25:47 UTC 2026
Commit 14 at Sun Jun 21 11:25:50 UTC 2026
Commit 15 at Sun Jun 21 11:25:58 UTC 2026
Commit 1 at Sun Jun 21 14:32:11 UTC 2026
Commit 2 at Sun Jun 21 14:32:14 UTC 2026
Commit 3 at Sun Jun 21 14:32:21 UTC 2026
Commit 4 at Sun Jun 21 14:32:24 UTC 2026
Commit 5 at Sun Jun 21 14:32:28 UTC 2026
Commit 6 at Sun Jun 21 14:32:33 UTC 2026
Commit 7 at Sun Jun 21 14:32:41 UTC 2026
Commit 8 at Sun Jun 21 14:32:45 UTC 2026
Commit 1 at Sun Jun 21 17:51:58 UTC 2026
Commit 2 at Sun Jun 21 17:52:05 UTC 2026
Commit 3 at Sun Jun 21 17:52:14 UTC 2026
Commit 4 at Sun Jun 21 17:52:19 UTC 2026
Commit 5 at Sun Jun 21 17:52:28 UTC 2026
Commit 6 at Sun Jun 21 17:52:28 UTC 2026
Commit 7 at Sun Jun 21 17:52:34 UTC 2026
Commit 8 at Sun Jun 21 17:52:34 UTC 2026
Commit 9 at Sun Jun 21 17:52:41 UTC 2026
Commit 10 at Sun Jun 21 17:52:45 UTC 2026
Commit 11 at Sun Jun 21 17:52:53 UTC 2026
Commit 12 at Sun Jun 21 17:52:53 UTC 2026
Commit 13 at Sun Jun 21 17:53:01 UTC 2026
Commit 1 at Sun Jun 21 21:41:44 UTC 2026
Commit 2 at Sun Jun 21 21:41:53 UTC 2026
Commit 3 at Sun Jun 21 21:41:56 UTC 2026
Commit 4 at Sun Jun 21 21:42:05 UTC 2026
Commit 5 at Sun Jun 21 21:42:13 UTC 2026
Commit 6 at Sun Jun 21 21:42:22 UTC 2026
Commit 7 at Sun Jun 21 21:42:29 UTC 2026
Commit 8 at Sun Jun 21 21:42:37 UTC 2026
Commit 9 at Sun Jun 21 21:42:42 UTC 2026
Commit 1 at Mon Jun 22 05:30:26 UTC 2026
Commit 2 at Mon Jun 22 05:30:31 UTC 2026
Commit 1 at Mon Jun 22 13:44:12 UTC 2026
Commit 2 at Mon Jun 22 13:44:17 UTC 2026
Commit 3 at Mon Jun 22 13:44:24 UTC 2026
Commit 4 at Mon Jun 22 13:44:26 UTC 2026
Commit 5 at Mon Jun 22 13:44:32 UTC 2026
Commit 6 at Mon Jun 22 13:44:38 UTC 2026
Commit 7 at Mon Jun 22 13:44:42 UTC 2026
Commit 1 at Mon Jun 22 19:47:06 UTC 2026
Commit 2 at Mon Jun 22 19:47:12 UTC 2026
Commit 1 at Mon Jun 22 22:16:03 UTC 2026
Commit 2 at Mon Jun 22 22:16:10 UTC 2026
Commit 3 at Mon Jun 22 22:16:17 UTC 2026
Commit 4 at Mon Jun 22 22:16:18 UTC 2026
Commit 5 at Mon Jun 22 22:16:20 UTC 2026
Commit 6 at Mon Jun 22 22:16:27 UTC 2026
Commit 7 at Mon Jun 22 22:16:33 UTC 2026
Commit 8 at Mon Jun 22 22:16:39 UTC 2026
Commit 9 at Mon Jun 22 22:16:40 UTC 2026
Commit 10 at Mon Jun 22 22:16:49 UTC 2026
Commit 11 at Mon Jun 22 22:16:53 UTC 2026
Commit 12 at Mon Jun 22 22:16:59 UTC 2026
Commit 13 at Mon Jun 22 22:17:07 UTC 2026
Commit 14 at Mon Jun 22 22:17:12 UTC 2026
Commit 1 at Tue Jun 23 04:20:03 UTC 2026
Commit 2 at Tue Jun 23 04:20:08 UTC 2026
Commit 3 at Tue Jun 23 04:20:12 UTC 2026
Commit 4 at Tue Jun 23 04:20:18 UTC 2026
Commit 5 at Tue Jun 23 04:20:25 UTC 2026
Commit 6 at Tue Jun 23 04:20:32 UTC 2026
Commit 7 at Tue Jun 23 04:20:33 UTC 2026
Commit 8 at Tue Jun 23 04:20:38 UTC 2026
Commit 9 at Tue Jun 23 04:20:39 UTC 2026
Commit 1 at Tue Jun 23 11:31:05 UTC 2026
Commit 2 at Tue Jun 23 11:31:09 UTC 2026
Commit 3 at Tue Jun 23 11:31:15 UTC 2026
Commit 4 at Tue Jun 23 11:31:24 UTC 2026
Commit 1 at Tue Jun 23 15:24:39 UTC 2026
Commit 2 at Tue Jun 23 15:24:40 UTC 2026
Commit 3 at Tue Jun 23 15:24:42 UTC 2026
Commit 4 at Tue Jun 23 15:24:43 UTC 2026
Commit 5 at Tue Jun 23 15:24:49 UTC 2026
Commit 6 at Tue Jun 23 15:24:50 UTC 2026
Commit 7 at Tue Jun 23 15:24:54 UTC 2026
Commit 8 at Tue Jun 23 15:24:57 UTC 2026
Commit 9 at Tue Jun 23 15:25:04 UTC 2026
Commit 10 at Tue Jun 23 15:25:05 UTC 2026
Commit 11 at Tue Jun 23 15:25:09 UTC 2026
Commit 12 at Tue Jun 23 15:25:15 UTC 2026
Commit 13 at Tue Jun 23 15:25:15 UTC 2026
Commit 1 at Tue Jun 23 18:16:22 UTC 2026
Commit 2 at Tue Jun 23 18:16:24 UTC 2026
Commit 3 at Tue Jun 23 18:16:31 UTC 2026
Commit 4 at Tue Jun 23 18:16:34 UTC 2026
Commit 5 at Tue Jun 23 18:16:43 UTC 2026
Commit 6 at Tue Jun 23 18:16:46 UTC 2026
Commit 7 at Tue Jun 23 18:16:54 UTC 2026
Commit 8 at Tue Jun 23 18:16:55 UTC 2026
Commit 9 at Tue Jun 23 18:17:01 UTC 2026
Commit 10 at Tue Jun 23 18:17:07 UTC 2026
Commit 1 at Tue Jun 23 21:51:15 UTC 2026
Commit 2 at Tue Jun 23 21:51:16 UTC 2026
Commit 3 at Tue Jun 23 21:51:18 UTC 2026
Commit 4 at Tue Jun 23 21:51:26 UTC 2026
Commit 5 at Tue Jun 23 21:51:34 UTC 2026
Commit 6 at Tue Jun 23 21:51:34 UTC 2026
Commit 7 at Tue Jun 23 21:51:41 UTC 2026
Commit 8 at Tue Jun 23 21:51:42 UTC 2026
Commit 9 at Tue Jun 23 21:51:46 UTC 2026
Commit 10 at Tue Jun 23 21:51:49 UTC 2026
Commit 11 at Tue Jun 23 21:51:50 UTC 2026
Commit 12 at Tue Jun 23 21:51:57 UTC 2026
Commit 13 at Tue Jun 23 21:52:01 UTC 2026
Commit 14 at Tue Jun 23 21:52:05 UTC 2026
Commit 1 at Wed Jun 24 04:35:19 UTC 2026
Commit 2 at Wed Jun 24 04:35:28 UTC 2026
Commit 3 at Wed Jun 24 04:35:30 UTC 2026
Commit 4 at Wed Jun 24 04:35:30 UTC 2026
Commit 5 at Wed Jun 24 04:35:39 UTC 2026
Commit 6 at Wed Jun 24 04:35:42 UTC 2026
Commit 7 at Wed Jun 24 04:35:45 UTC 2026
Commit 8 at Wed Jun 24 04:35:45 UTC 2026
Commit 9 at Wed Jun 24 04:35:45 UTC 2026
Commit 10 at Wed Jun 24 04:35:53 UTC 2026
Commit 11 at Wed Jun 24 04:35:56 UTC 2026
Commit 12 at Wed Jun 24 04:36:03 UTC 2026
Commit 13 at Wed Jun 24 04:36:05 UTC 2026
Commit 14 at Wed Jun 24 04:36:14 UTC 2026
Commit 15 at Wed Jun 24 04:36:22 UTC 2026
Commit 1 at Wed Jun 24 11:17:13 UTC 2026
Commit 2 at Wed Jun 24 11:17:17 UTC 2026
Commit 3 at Wed Jun 24 11:17:19 UTC 2026
Commit 4 at Wed Jun 24 11:17:28 UTC 2026
Commit 5 at Wed Jun 24 11:17:33 UTC 2026
Commit 6 at Wed Jun 24 11:17:41 UTC 2026
Commit 7 at Wed Jun 24 11:17:48 UTC 2026
Commit 8 at Wed Jun 24 11:17:56 UTC 2026
Commit 9 at Wed Jun 24 11:17:56 UTC 2026
Commit 10 at Wed Jun 24 11:18:05 UTC 2026
